nohup: ignoring input
paper
Coat
triangle
One
Bird
coffee
cake
Gloves
fat
Boots
sweater
French-fries
Water
Elephant
Animals
Three
Baby
Horse
square
blue
Monkey
Grapes
sofa
Fruits
House
bathtub
Hand
heart
Rat
Snow
Family
tasty
bubble
Steak
Egg
shampoo
Shirt
zebra
Eight
Dog
fast
desk
Sheep
Chair
Bread
Nine
scarves
Popcorn
yellow
Fish
slippers
Food
Kneel
Lady
table
Big
Neck
Donkey
splash
Leg
Pizza
Body
Father
alligator
Accessories
Rabbit
Frog
Sour
hat
dirty
Wallets
Shoe
Basket
chocolate
Chicken
Seven
Juice
Penguin
Numbers
Foot
Pineapple
Bed
slow
towel
Cookies
Tiger
Jacket
Orange
pink
Arm
Long
Dress
Cow
necklace
Little
deer
Lights
owl
pee
Shorts
toilet
Bananas
Eat
drinks
Six
turtle
Boy
Knife
Backpack
wet
Tea
bath
Watermelon
Bee
coach
Good
Soup
clean
Bench
tree
Meat
Lion
bag
Duck
purple
circle
Moon
Two
Glasses
thin
kitten
Stars_shape
Shoulder
television
Hot
Cold
Squirrel
Pears
Head
wolf
Chicken_leg
Corns
Back
color
Sun
Butterfly
Cheese
Buttons
mittens
giraffe
Rice
Ten
Strawberries
skirt
socks
Cloth
toilet_paper
Crayon
Noodles
Short
sneaker
soap
Bear
colorful
Stars
lollipop
Ice-cream
Milk
cup_cakes
brown
tv
Five
book
candy
pencil
Sunny
bat
Four
Bug
Coke
Rain
Hen
dry
Cat
Girl
Pig
Apple
poop
leaf
189
/home/yy/PreResearch/photos_new/paper/IMG_1559.jpg
/home/yy/PreResearch/photos_new/paper/IMG_9470.jpg
/home/yy/PreResearch/photos_new/paper/IMG_3711.JPG
/home/yy/PreResearch/photos_new/paper/IMG_1367.jpg
/home/yy/PreResearch/photos_new/paper/IMG_2539.jpg
/home/yy/PreResearch/photos_new/paper/IMG_1944.jpg
/home/yy/PreResearch/photos_new/paper/IMG_5909.JPG
/home/yy/PreResearch/photos_new/paper/IMG_5236.JPG
/home/yy/PreResearch/photos_new/paper/IMG_8981.JPG
/home/yy/PreResearch/photos_new/paper/IMG_2346.jpg
/home/yy/PreResearch/photos_new/paper/IMG_2926.jpg
/home/yy/PreResearch/photos_new/paper/IMG_2733.jpg
/home/yy/PreResearch/photos_new/paper/IMG_0340.jpg
/home/yy/PreResearch/photos_new/paper/0049.jpg
/home/yy/PreResearch/photos_new/paper/IMG_1752.jpg
/home/yy/PreResearch/photos_new/Coat/IMG_9056.JPG
/home/yy/PreResearch/photos_new/Coat/IMG_1826.jpg
/home/yy/PreResearch/photos_new/Coat/0123.jpg
/home/yy/PreResearch/photos_new/Coat/IMG_0414.jpg
/home/yy/PreResearch/photos_new/Coat/IMG_2613.jpg
/home/yy/PreResearch/photos_new/Coat/IMG_5310.JPG
/home/yy/PreResearch/photos_new/Coat/IMG_1441.jpg
/home/yy/PreResearch/photos_new/Coat/IMG_1633.jpg
/home/yy/PreResearch/photos_new/Coat/IMG_2020.jpg
/home/yy/PreResearch/photos_new/Coat/IMG_3785.JPG
/home/yy/PreResearch/photos_new/Coat/IMG_2421.jpg
/home/yy/PreResearch/photos_new/Coat/IMG_3001.jpg
/home/yy/PreResearch/photos_new/Coat/IMG_2807.jpg
/home/yy/PreResearch/photos_new/Coat/IMG_5982.JPG
/home/yy/PreResearch/photos_new/Coat/IMG_9544.jpg
/home/yy/PreResearch/photos_new/triangle/IMG_1368.jpg
/home/yy/PreResearch/photos_new/triangle/IMG_1560.jpg
/home/yy/PreResearch/photos_new/triangle/IMG_2927.jpg
/home/yy/PreResearch/photos_new/triangle/IMG_9471.jpg
/home/yy/PreResearch/photos_new/triangle/IMG_5237.JPG
/home/yy/PreResearch/photos_new/triangle/IMG_8982.JPG
/home/yy/PreResearch/photos_new/triangle/IMG_1946.jpg
/home/yy/PreResearch/photos_new/triangle/IMG_3712.JPG
/home/yy/PreResearch/photos_new/triangle/0050.jpg
/home/yy/PreResearch/photos_new/triangle/IMG_1753.jpg
/home/yy/PreResearch/photos_new/triangle/IMG_0341.jpg
/home/yy/PreResearch/photos_new/triangle/IMG_2347.jpg
/home/yy/PreResearch/photos_new/triangle/IMG_5910.JPG
/home/yy/PreResearch/photos_new/triangle/IMG_2540.jpg
/home/yy/PreResearch/photos_new/triangle/IMG_2734.jpg
/home/yy/PreResearch/photos_new/One/IMG_2407.jpg
/home/yy/PreResearch/photos_new/One/IMG_9530.jpg
/home/yy/PreResearch/photos_new/One/IMG_9042.JPG
/home/yy/PreResearch/photos_new/One/IMG_1619.jpg
/home/yy/PreResearch/photos_new/One/IMG_5969.JPG
/home/yy/PreResearch/photos_new/One/IMG_1427.jpg
/home/yy/PreResearch/photos_new/One/IMG_3771.JPG
/home/yy/PreResearch/photos_new/One/IMG_5296.JPG
/home/yy/PreResearch/photos_new/One/IMG_0400.jpg
/home/yy/PreResearch/photos_new/One/IMG_2006.jpg
/home/yy/PreResearch/photos_new/One/IMG_2599.jpg
/home/yy/PreResearch/photos_new/One/IMG_2793.jpg
/home/yy/PreResearch/photos_new/One/IMG_2986.jpg
/home/yy/PreResearch/photos_new/One/IMG_1812.jpg
/home/yy/PreResearch/photos_new/One/0109.jpg
/home/yy/PreResearch/photos_new/Bird/IMG_9594.jpg
/home/yy/PreResearch/photos_new/Bird/IMG_1683.jpg
/home/yy/PreResearch/photos_new/Bird/IMG_2471.jpg
/home/yy/PreResearch/photos_new/Bird/IMG_3836.JPG
/home/yy/PreResearch/photos_new/Bird/IMG_1876.jpg
/home/yy/PreResearch/photos_new/Bird/IMG_6035.JPG
/home/yy/PreResearch/photos_new/Bird/IMG_0464.jpg
/home/yy/PreResearch/photos_new/Bird/IMG_2070.jpg
/home/yy/PreResearch/photos_new/Bird/IMG_5360.JPG
/home/yy/PreResearch/photos_new/Bird/IMG_2663.jpg
/home/yy/PreResearch/photos_new/Bird/IMG_9106.JPG
/home/yy/PreResearch/photos_new/Bird/IMG_2857.jpg
/home/yy/PreResearch/photos_new/Bird/0173.jpg
/home/yy/PreResearch/photos_new/Bird/IMG_3051.jpg
/home/yy/PreResearch/photos_new/Bird/IMG_1491.jpg
/home/yy/PreResearch/photos_new/coffee/IMG_5970.JPG
/home/yy/PreResearch/photos_new/coffee/IMG_2007.jpg
/home/yy/PreResearch/photos_new/coffee/IMG_1620.jpg
/home/yy/PreResearch/photos_new/coffee/IMG_9531.jpg
/home/yy/PreResearch/photos_new/coffee/IMG_5233.JPG
/home/yy/PreResearch/photos_new/coffee/IMG_1749.jpg
/home/yy/PreResearch/photos_new/coffee/IMG_2343.jpg
/home/yy/PreResearch/photos_new/coffee/IMG_2923.jpg
/home/yy/PreResearch/photos_new/coffee/IMG_2536.jpg
/home/yy/PreResearch/photos_new/coffee/IMG_1428.jpg
/home/yy/PreResearch/photos_new/coffee/IMG_1941.jpg
/home/yy/PreResearch/photos_new/coffee/IMG_3772.JPG
/home/yy/PreResearch/photos_new/coffee/IMG_8978.JPG
/home/yy/PreResearch/photos_new/coffee/IMG_0401.jpg
/home/yy/PreResearch/photos_new/coffee/IMG_2408.jpg
/home/yy/PreResearch/photos_new/coffee/IMG_5297.JPG
/home/yy/PreResearch/photos_new/coffee/IMG_2987.jpg
/home/yy/PreResearch/photos_new/coffee/IMG_9043.JPG
/home/yy/PreResearch/photos_new/coffee/IMG_9467.jpg
/home/yy/PreResearch/photos_new/coffee/IMG_5906.JPG
/home/yy/PreResearch/photos_new/coffee/IMG_1813.jpg
/home/yy/PreResearch/photos_new/coffee/0110.jpg
/home/yy/PreResearch/photos_new/coffee/IMG_0337.jpg
/home/yy/PreResearch/photos_new/coffee/IMG_2600.jpg
/home/yy/PreResearch/photos_new/coffee/IMG_2794.jpg
/home/yy/PreResearch/photos_new/coffee/IMG_1556.jpg
/home/yy/PreResearch/photos_new/coffee/0046.jpg
/home/yy/PreResearch/photos_new/coffee/IMG_3708.JPG
/home/yy/PreResearch/photos_new/coffee/IMG_2730.jpg
/home/yy/PreResearch/photos_new/coffee/IMG_1364.jpg
/home/yy/PreResearch/photos_new/cake/IMG_2543.jpg
/home/yy/PreResearch/photos_new/cake/IMG_5913.JPG
/home/yy/PreResearch/photos_new/cake/IMG_2351.jpg
/home/yy/PreResearch/photos_new/cake/0053.jpg
/home/yy/PreResearch/photos_new/cake/IMG_2737.jpg
/home/yy/PreResearch/photos_new/cake/IMG_9474.jpg
/home/yy/PreResearch/photos_new/cake/IMG_2930.jpg
/home/yy/PreResearch/photos_new/cake/IMG_1949.jpg
/home/yy/PreResearch/photos_new/cake/IMG_1563.jpg
/home/yy/PreResearch/photos_new/cake/IMG_1371.jpg
/home/yy/PreResearch/photos_new/cake/IMG_3715.JPG
/home/yy/PreResearch/photos_new/cake/IMG_0344.jpg
/home/yy/PreResearch/photos_new/cake/IMG_8985.JPG
/home/yy/PreResearch/photos_new/cake/IMG_5240.JPG
/home/yy/PreResearch/photos_new/cake/IMG_1756.jpg
/home/yy/PreResearch/photos_new/Gloves/IMG_2961.jpg
/home/yy/PreResearch/photos_new/Gloves/IMG_3746.JPG
/home/yy/PreResearch/photos_new/Gloves/0084.jpg
/home/yy/PreResearch/photos_new/Gloves/IMG_1980.jpg
/home/yy/PreResearch/photos_new/Gloves/IMG_2574.jpg
/home/yy/PreResearch/photos_new/Gloves/IMG_1402.jpg
/home/yy/PreResearch/photos_new/Gloves/IMG_2768 2.jpg
/home/yy/PreResearch/photos_new/Gloves/IMG_1787.jpg
/home/yy/PreResearch/photos_new/Gloves/IMG_1594.jpg
/home/yy/PreResearch/photos_new/Gloves/IMG_9505.jpg
/home/yy/PreResearch/photos_new/Gloves/IMG_5944.JPG
/home/yy/PreResearch/photos_new/Gloves/IMG_5271.JPG
/home/yy/PreResearch/photos_new/Gloves/IMG_2382.jpg
/home/yy/PreResearch/photos_new/Gloves/IMG_9017.JPG
/home/yy/PreResearch/photos_new/Gloves/IMG_0375.jpg
/home/yy/PreResearch/photos_new/fat/IMG_1347.jpg
/home/yy/PreResearch/photos_new/fat/IMG_3691.JPG
/home/yy/PreResearch/photos_new/fat/IMG_1732.jpg
/home/yy/PreResearch/photos_new/fat/IMG_1924.jpg
/home/yy/PreResearch/photos_new/fat/IMG_0320.jpg
/home/yy/PreResearch/photos_new/fat/IMG_2905.jpg
/home/yy/PreResearch/photos_new/fat/IMG_9450.jpg
/home/yy/PreResearch/photos_new/fat/IMG_2713.jpg
/home/yy/PreResearch/photos_new/fat/0029.jpg
/home/yy/PreResearch/photos_new/fat/IMG_2519.jpg
/home/yy/PreResearch/photos_new/fat/IMG_2326.jpg
/home/yy/PreResearch/photos_new/fat/IMG_5889.JPG
/home/yy/PreResearch/photos_new/fat/IMG_5216.JPG
/home/yy/PreResearch/photos_new/fat/IMG_1539.jpg
/home/yy/PreResearch/photos_new/fat/IMG_8961.JPG
/home/yy/PreResearch/photos_new/Boots/IMG_1405.jpg
/home/yy/PreResearch/photos_new/Boots/IMG_9020.JPG
/home/yy/PreResearch/photos_new/Boots/IMG_2385.jpg
/home/yy/PreResearch/photos_new/Boots/IMG_3749.JPG
/home/yy/PreResearch/photos_new/Boots/IMG_1983.jpg
/home/yy/PreResearch/photos_new/Boots/IMG_0378.jpg
/home/yy/PreResearch/photos_new/Boots/IMG_5274.JPG
/home/yy/PreResearch/photos_new/Boots/IMG_2771 2.jpg
/home/yy/PreResearch/photos_new/Boots/0087.jpg
/home/yy/PreResearch/photos_new/Boots/IMG_2964.jpg
/home/yy/PreResearch/photos_new/Boots/IMG_1790.jpg
/home/yy/PreResearch/photos_new/Boots/IMG_1597.jpg
/home/yy/PreResearch/photos_new/Boots/IMG_2577.jpg
/home/yy/PreResearch/photos_new/Boots/IMG_9508.jpg
/home/yy/PreResearch/photos_new/Boots/IMG_5947.JPG
/home/yy/PreResearch/photos_new/sweater/IMG_2304.jpg
/home/yy/PreResearch/photos_new/sweater/IMG_1709.jpg
/home/yy/PreResearch/photos_new/sweater/IMG_5867.JPG
/home/yy/PreResearch/photos_new/sweater/0007.jpg
/home/yy/PreResearch/photos_new/sweater/IMG_5194.JPG
/home/yy/PreResearch/photos_new/sweater/IMG_1325.jpg
/home/yy/PreResearch/photos_new/sweater/IMG_1902.jpg
/home/yy/PreResearch/photos_new/sweater/IMG_0298.jpg
/home/yy/PreResearch/photos_new/sweater/IMG_1517.jpg
/home/yy/PreResearch/photos_new/sweater/IMG_9428.jpg
/home/yy/PreResearch/photos_new/sweater/IMG_8938.JPG
/home/yy/PreResearch/photos_new/sweater/IMG_3666.JPG
/home/yy/PreResearch/photos_new/sweater/IMG_2497.jpg
/home/yy/PreResearch/photos_new/sweater/IMG_2691.jpg
/home/yy/PreResearch/photos_new/sweater/IMG_2883.jpg
/home/yy/PreResearch/photos_new/French-fries/IMG_3745.JPG
/home/yy/PreResearch/photos_new/French-fries/IMG_1979.jpg
/home/yy/PreResearch/photos_new/French-fries/IMG_5943.JPG
/home/yy/PreResearch/photos_new/French-fries/IMG_9504.jpg
/home/yy/PreResearch/photos_new/French-fries/IMG_1401.jpg
/home/yy/PreResearch/photos_new/French-fries/IMG_2573.jpg
/home/yy/PreResearch/photos_new/French-fries/IMG_9016.JPG
/home/yy/PreResearch/photos_new/French-fries/IMG_2381.jpg
/home/yy/PreResearch/photos_new/French-fries/IMG_5270.JPG
/home/yy/PreResearch/photos_new/French-fries/IMG_1593.jpg
/home/yy/PreResearch/photos_new/French-fries/IMG_2767.jpg
/home/yy/PreResearch/photos_new/French-fries/IMG_2960.jpg
/home/yy/PreResearch/photos_new/French-fries/0083.jpg
/home/yy/PreResearch/photos_new/French-fries/IMG_1786.jpg
/home/yy/PreResearch/photos_new/French-fries/IMG_0374.jpg
/home/yy/PreResearch/photos_new/Water/0115.jpg
/home/yy/PreResearch/photos_new/Water/IMG_2012.jpg
/home/yy/PreResearch/photos_new/Water/IMG_1433.jpg
/home/yy/PreResearch/photos_new/Water/IMG_5974x.JPG
/home/yy/PreResearch/photos_new/Water/IMG_5302.JPG
/home/yy/PreResearch/photos_new/Water/IMG_9536.jpg
/home/yy/PreResearch/photos_new/Water/IMG_9048.JPG
/home/yy/PreResearch/photos_new/Water/IMG_2605.jpg
/home/yy/PreResearch/photos_new/Water/IMG_2799.jpg
/home/yy/PreResearch/photos_new/Water/IMG_3777.JPG
/home/yy/PreResearch/photos_new/Water/IMG_0406.jpg
/home/yy/PreResearch/photos_new/Water/IMG_2413.jpg
/home/yy/PreResearch/photos_new/Water/IMG_1625.jpg
/home/yy/PreResearch/photos_new/Water/IMG_1818.jpg
/home/yy/PreResearch/photos_new/Water/IMG_2992.jpg
/home/yy/PreResearch/photos_new/Elephant/IMG_2845.jpg
/home/yy/PreResearch/photos_new/Elephant/IMG_9582.jpg
/home/yy/PreResearch/photos_new/Elephant/IMG_1671.jpg
/home/yy/PreResearch/photos_new/Elephant/IMG_3039.jpg
/home/yy/PreResearch/photos_new/Elephant/IMG_0452.jpg
/home/yy/PreResearch/photos_new/Elephant/IMG_2651.jpg
/home/yy/PreResearch/photos_new/Elephant/IMG_2058.jpg
/home/yy/PreResearch/photos_new/Elephant/IMG_3824.JPG
/home/yy/PreResearch/photos_new/Elephant/IMG_1479.jpg
/home/yy/PreResearch/photos_new/Elephant/IMG_6023.JPG
/home/yy/PreResearch/photos_new/Elephant/IMG_9094.JPG
/home/yy/PreResearch/photos_new/Elephant/IMG_2459.jpg
/home/yy/PreResearch/photos_new/Elephant/IMG_1864.jpg
/home/yy/PreResearch/photos_new/Elephant/0161.jpg
/home/yy/PreResearch/photos_new/Elephant/IMG_5348.JPG
/home/yy/PreResearch/photos_new/Animals/IMG_1458.jpg
/home/yy/PreResearch/photos_new/Animals/IMG_9561.jpg
/home/yy/PreResearch/photos_new/Animals/IMG_3803.JPG
/home/yy/PreResearch/photos_new/Animals/IMG_0431.jpg
/home/yy/PreResearch/photos_new/Animals/IMG_5999.JPG
/home/yy/PreResearch/photos_new/Animals/IMG_1843.jpg
/home/yy/PreResearch/photos_new/Animals/IMG_9073.JPG
/home/yy/PreResearch/photos_new/Animals/IMG_2824.jpg
/home/yy/PreResearch/photos_new/Animals/IMG_2037.jpg
/home/yy/PreResearch/photos_new/Animals/0140.jpg
/home/yy/PreResearch/photos_new/Animals/IMG_2630.jpg
/home/yy/PreResearch/photos_new/Animals/IMG_1650.jpg
/home/yy/PreResearch/photos_new/Animals/IMG_2438.jpg
/home/yy/PreResearch/photos_new/Animals/IMG_5327.JPG
/home/yy/PreResearch/photos_new/Animals/IMG_3018.jpg
/home/yy/PreResearch/photos_new/Three/IMG_1628.jpg
/home/yy/PreResearch/photos_new/Three/IMG_5305.JPG
/home/yy/PreResearch/photos_new/Three/IMG_2802.jpg
/home/yy/PreResearch/photos_new/Three/IMG_2608.jpg
/home/yy/PreResearch/photos_new/Three/IMG_3780.JPG
/home/yy/PreResearch/photos_new/Three/IMG_9539.jpg
/home/yy/PreResearch/photos_new/Three/IMG_0409.jpg
/home/yy/PreResearch/photos_new/Three/IMG_2416.jpg
/home/yy/PreResearch/photos_new/Three/IMG_2995.jpg
/home/yy/PreResearch/photos_new/Three/IMG_2015.jpg
/home/yy/PreResearch/photos_new/Three/IMG_1821.jpg
/home/yy/PreResearch/photos_new/Three/IMG_5977.JPG
/home/yy/PreResearch/photos_new/Three/IMG_9051.JPG
/home/yy/PreResearch/photos_new/Three/0118.jpg
/home/yy/PreResearch/photos_new/Three/IMG_1436.jpg
/home/yy/PreResearch/photos_new/Baby/IMG_1429.jpg
/home/yy/PreResearch/photos_new/Baby/IMG_1814.JPG
/home/yy/PreResearch/photos_new/Baby/IMG_2795.jpg
/home/yy/PreResearch/photos_new/Baby/IMG_0402.jpg
/home/yy/PreResearch/photos_new/Baby/IMG_1621.jpg
/home/yy/PreResearch/photos_new/Baby/IMG_2008.jpg
/home/yy/PreResearch/photos_new/Baby/IMG_2601.jpg
/home/yy/PreResearch/photos_new/Baby/0111.jpg
/home/yy/PreResearch/photos_new/Baby/IMG_2409.jpg
/home/yy/PreResearch/photos_new/Baby/IMG_9532.jpg
/home/yy/PreResearch/photos_new/Baby/IMG_5298.JPG
/home/yy/PreResearch/photos_new/Baby/IMG_9044.JPG
/home/yy/PreResearch/photos_new/Baby/IMG_5971.JPG
/home/yy/PreResearch/photos_new/Baby/IMG_3773.JPG
/home/yy/PreResearch/photos_new/Baby/IMG_2988.jpg
/home/yy/PreResearch/photos_new/Horse/IMG_1860.jpg
/home/yy/PreResearch/photos_new/Horse/IMG_2054.jpg
/home/yy/PreResearch/photos_new/Horse/0157.jpg
/home/yy/PreResearch/photos_new/Horse/IMG_3820.JPG
/home/yy/PreResearch/photos_new/Horse/IMG_6018.JPG
/home/yy/PreResearch/photos_new/Horse/IMG_9578.jpg
/home/yy/PreResearch/photos_new/Horse/IMG_2455.jpg
/home/yy/PreResearch/photos_new/Horse/IMG_3035.jpg
/home/yy/PreResearch/photos_new/Horse/IMG_2841.jpg
/home/yy/PreResearch/photos_new/Horse/IMG_1667.jpg
/home/yy/PreResearch/photos_new/Horse/IMG_5344.JPG
/home/yy/PreResearch/photos_new/Horse/IMG_0448.jpg
/home/yy/PreResearch/photos_new/Horse/IMG_1475.jpg
/home/yy/PreResearch/photos_new/Horse/IMG_9090.JPG
/home/yy/PreResearch/photos_new/Horse/IMG_2647.jpg
/home/yy/PreResearch/photos_new/square/IMG_3718.JPG
/home/yy/PreResearch/photos_new/square/0056.jpg
/home/yy/PreResearch/photos_new/square/IMG_5916.JPG
/home/yy/PreResearch/photos_new/square/IMG_1566.jpg
/home/yy/PreResearch/photos_new/square/IMG_1952.jpg
/home/yy/PreResearch/photos_new/square/IMG_2933.jpg
/home/yy/PreResearch/photos_new/square/IMG_2354.jpg
/home/yy/PreResearch/photos_new/square/IMG_5243.JPG
/home/yy/PreResearch/photos_new/square/IMG_0347.jpg
/home/yy/PreResearch/photos_new/square/IMG_2740.jpg
/home/yy/PreResearch/photos_new/square/IMG_2546.jpg
/home/yy/PreResearch/photos_new/square/IMG_1759.jpg
/home/yy/PreResearch/photos_new/square/IMG_1374.jpg
/home/yy/PreResearch/photos_new/square/IMG_8988.JPG
/home/yy/PreResearch/photos_new/square/IMG_9477.jpg
/home/yy/PreResearch/photos_new/blue/IMG_1707.jpg
/home/yy/PreResearch/photos_new/blue/IMG_8936.JPG
/home/yy/PreResearch/photos_new/blue/IMG_9426.jpg
/home/yy/PreResearch/photos_new/blue/IMG_2881.jpg
/home/yy/PreResearch/photos_new/blue/IMG_1900.jpg
/home/yy/PreResearch/photos_new/blue/0005.jpg
/home/yy/PreResearch/photos_new/blue/IMG_1515.jpg
/home/yy/PreResearch/photos_new/blue/IMG_2495.jpg
/home/yy/PreResearch/photos_new/blue/IMG_5192.JPG
/home/yy/PreResearch/photos_new/blue/IMG_5865.JPG
/home/yy/PreResearch/photos_new/blue/IMG_2302.jpg
/home/yy/PreResearch/photos_new/blue/IMG_1323.jpg
/home/yy/PreResearch/photos_new/blue/IMG_0296.jpg
/home/yy/PreResearch/photos_new/blue/IMG_2689 2.jpg
/home/yy/PreResearch/photos_new/blue/IMG_3664.JPG
/home/yy/PreResearch/photos_new/Monkey/0135.jpg
/home/yy/PreResearch/photos_new/Monkey/IMG_1453.jpg
/home/yy/PreResearch/photos_new/Monkey/IMG_1838.jpg
/home/yy/PreResearch/photos_new/Monkey/IMG_9556.jpg
/home/yy/PreResearch/photos_new/Monkey/IMG_2032.jpg
/home/yy/PreResearch/photos_new/Monkey/IMG_2433.jpg
/home/yy/PreResearch/photos_new/Monkey/IMG_9068.JPG
/home/yy/PreResearch/photos_new/Monkey/IMG_2819.jpg
/home/yy/PreResearch/photos_new/Monkey/IMG_0426.jpg
/home/yy/PreResearch/photos_new/Monkey/IMG_2625.jpg
/home/yy/PreResearch/photos_new/Monkey/IMG_5994.JPG
/home/yy/PreResearch/photos_new/Monkey/IMG_3013.jpg
/home/yy/PreResearch/photos_new/Monkey/IMG_3798.JPG
/home/yy/PreResearch/photos_new/Monkey/IMG_5322.JPG
/home/yy/PreResearch/photos_new/Monkey/IMG_1645.jpg
/home/yy/PreResearch/photos_new/Grapes/IMG_3724.JPG
/home/yy/PreResearch/photos_new/Grapes/IMG_1380.jpg
/home/yy/PreResearch/photos_new/Grapes/IMG_2360.jpg
/home/yy/PreResearch/photos_new/Grapes/IMG_2939.jpg
/home/yy/PreResearch/photos_new/Grapes/IMG_2746.jpg
/home/yy/PreResearch/photos_new/Grapes/IMG_2552.jpg
/home/yy/PreResearch/photos_new/Grapes/IMG_5249.JPG
/home/yy/PreResearch/photos_new/Grapes/IMG_5922.JPG
/home/yy/PreResearch/photos_new/Grapes/IMG_1572.jpg
/home/yy/PreResearch/photos_new/Grapes/IMG_1958.jpg
/home/yy/PreResearch/photos_new/Grapes/IMG_0353.jpg
/home/yy/PreResearch/photos_new/Grapes/IMG_1765.jpg
/home/yy/PreResearch/photos_new/Grapes/IMG_8994.JPG
/home/yy/PreResearch/photos_new/Grapes/IMG_9483.jpg
/home/yy/PreResearch/photos_new/Grapes/0062.jpg
/home/yy/PreResearch/photos_new/sofa/IMG_9124.JPG
/home/yy/PreResearch/photos_new/sofa/IMG_0482.jpg
/home/yy/PreResearch/photos_new/sofa/IMG_2681.jpg
/home/yy/PreResearch/photos_new/sofa/IMG_2875.jpg
/home/yy/PreResearch/photos_new/sofa/IMG_1701.jpg
/home/yy/PreResearch/photos_new/sofa/IMG_2489.jpg
/home/yy/PreResearch/photos_new/sofa/IMG_1894.jpg
/home/yy/PreResearch/photos_new/sofa/IMG_6053.JPG
/home/yy/PreResearch/photos_new/sofa/IMG_5378.JPG
/home/yy/PreResearch/photos_new/sofa/0191.jpg
/home/yy/PreResearch/photos_new/sofa/IMG_1509.jpg
/home/yy/PreResearch/photos_new/sofa/IMG_2089.jpg
/home/yy/PreResearch/photos_new/sofa/IMG_3070.jpg
/home/yy/PreResearch/photos_new/sofa/IMG_3854.JPG
/home/yy/PreResearch/photos_new/sofa/IMG_9612.jpg
/home/yy/PreResearch/photos_new/Fruits/IMG_1389.jpg
/home/yy/PreResearch/photos_new/Fruits/IMG_2755.jpg
/home/yy/PreResearch/photos_new/Fruits/IMG_2369.jpg
/home/yy/PreResearch/photos_new/Fruits/IMG_5258.JPG
/home/yy/PreResearch/photos_new/Fruits/IMG_0362.jpg
/home/yy/PreResearch/photos_new/Fruits/IMG_1774.jpg
/home/yy/PreResearch/photos_new/Fruits/IMG_1581.jpg
/home/yy/PreResearch/photos_new/Fruits/IMG_2948.jpg
/home/yy/PreResearch/photos_new/Fruits/IMG_9004.JPG
/home/yy/PreResearch/photos_new/Fruits/IMG_9492.jpg
/home/yy/PreResearch/photos_new/Fruits/IMG_2561.jpg
/home/yy/PreResearch/photos_new/Fruits/IMG_1967.jpg
/home/yy/PreResearch/photos_new/Fruits/IMG_3733.JPG
/home/yy/PreResearch/photos_new/Fruits/IMG_5931.JPG
/home/yy/PreResearch/photos_new/Fruits/0071.jpg
/home/yy/PreResearch/photos_new/House/IMG_5299.JPG
/home/yy/PreResearch/photos_new/House/IMG_1622.jpg
/home/yy/PreResearch/photos_new/House/IMG_2989.jpg
/home/yy/PreResearch/photos_new/House/IMG_3774.JPG
/home/yy/PreResearch/photos_new/House/IMG_2796.jpg
/home/yy/PreResearch/photos_new/House/IMG_2009.jpg
/home/yy/PreResearch/photos_new/House/IMG_2602.jpg
/home/yy/PreResearch/photos_new/House/0112.jpg
/home/yy/PreResearch/photos_new/House/IMG_9045.JPG
/home/yy/PreResearch/photos_new/House/IMG_9533.jpg
/home/yy/PreResearch/photos_new/House/IMG_1430.jpg
/home/yy/PreResearch/photos_new/House/IMG_1815.jpg
/home/yy/PreResearch/photos_new/House/IMG_2410.jpg
/home/yy/PreResearch/photos_new/House/IMG_0403.jpg
/home/yy/PreResearch/photos_new/House/IMG_5972.JPG
/home/yy/PreResearch/photos_new/bathtub/IMG_9462.jpg
/home/yy/PreResearch/photos_new/bathtub/IMG_2917.jpg
/home/yy/PreResearch/photos_new/bathtub/0041.jpg
/home/yy/PreResearch/photos_new/bathtub/IMG_1744.jpg
/home/yy/PreResearch/photos_new/bathtub/IMG_0332.jpg
/home/yy/PreResearch/photos_new/bathtub/IMG_1936.jpg
/home/yy/PreResearch/photos_new/bathtub/IMG_2725 2.jpg
/home/yy/PreResearch/photos_new/bathtub/IMG_5901.JPG
/home/yy/PreResearch/photos_new/bathtub/IMG_1359.jpg
/home/yy/PreResearch/photos_new/bathtub/IMG_5228.JPG
/home/yy/PreResearch/photos_new/bathtub/IMG_8973.JPG
/home/yy/PreResearch/photos_new/bathtub/IMG_1551.jpg
/home/yy/PreResearch/photos_new/bathtub/IMG_2338.jpg
/home/yy/PreResearch/photos_new/bathtub/IMG_3703.JPG
/home/yy/PreResearch/photos_new/bathtub/IMG_2531.jpg
/home/yy/PreResearch/photos_new/Hand/IMG_6011.JPG
/home/yy/PreResearch/photos_new/Hand/IMG_2047.jpg
/home/yy/PreResearch/photos_new/Hand/IMG_1660.jpg
/home/yy/PreResearch/photos_new/Hand/IMG_2448.jpg
/home/yy/PreResearch/photos_new/Hand/IMG_1853.jpg
/home/yy/PreResearch/photos_new/Hand/0150.jpg
/home/yy/PreResearch/photos_new/Hand/IMG_0441.jpg
/home/yy/PreResearch/photos_new/Hand/IMG_3028.jpg
/home/yy/PreResearch/photos_new/Hand/IMG_1468.jpg
/home/yy/PreResearch/photos_new/Hand/IMG_3813.JPG
/home/yy/PreResearch/photos_new/Hand/IMG_9083.JPG
/home/yy/PreResearch/photos_new/Hand/IMG_2640.jpg
/home/yy/PreResearch/photos_new/Hand/IMG_5337.JPG
/home/yy/PreResearch/photos_new/Hand/IMG_9571.jpg
/home/yy/PreResearch/photos_new/Hand/IMG_2834.jpg
/home/yy/PreResearch/photos_new/heart/IMG_1518.jpg
/home/yy/PreResearch/photos_new/heart/IMG_1710.jpg
/home/yy/PreResearch/photos_new/heart/IMG_8939.JPG
/home/yy/PreResearch/photos_new/heart/IMG_5195.JPG
/home/yy/PreResearch/photos_new/heart/IMG_2498.jpg
/home/yy/PreResearch/photos_new/heart/0008.jpg
/home/yy/PreResearch/photos_new/heart/IMG_9429.jpg
/home/yy/PreResearch/photos_new/heart/IMG_3667.JPG
/home/yy/PreResearch/photos_new/heart/IMG_2692.jpg
/home/yy/PreResearch/photos_new/heart/IMG_0299.jpg
/home/yy/PreResearch/photos_new/heart/IMG_2884.jpg
/home/yy/PreResearch/photos_new/heart/IMG_1326.jpg
/home/yy/PreResearch/photos_new/heart/IMG_1903.jpg
/home/yy/PreResearch/photos_new/heart/IMG_5868.JPG
/home/yy/PreResearch/photos_new/heart/IMG_2305.jpg
/home/yy/PreResearch/photos_new/Rat/IMG_1852.jpg
/home/yy/PreResearch/photos_new/Rat/IMG_9570.jpg
/home/yy/PreResearch/photos_new/Rat/IMG_2447.jpg
/home/yy/PreResearch/photos_new/Rat/IMG_6009.JPG
/home/yy/PreResearch/photos_new/Rat/0149.jpg
/home/yy/PreResearch/photos_new/Rat/IMG_1467.jpg
/home/yy/PreResearch/photos_new/Rat/IMG_3027.jpg
/home/yy/PreResearch/photos_new/Rat/IMG_1659.jpg
/home/yy/PreResearch/photos_new/Rat/IMG_2639.jpg
/home/yy/PreResearch/photos_new/Rat/IMG_9082.JPG
/home/yy/PreResearch/photos_new/Rat/IMG_5336.JPG
/home/yy/PreResearch/photos_new/Rat/IMG_0440.jpg
/home/yy/PreResearch/photos_new/Rat/IMG_3812.JPG
/home/yy/PreResearch/photos_new/Rat/IMG_2046.jpg
/home/yy/PreResearch/photos_new/Rat/IMG_2833.jpg
/home/yy/PreResearch/photos_new/Snow/IMG_9579.jpg
/home/yy/PreResearch/photos_new/Snow/0158.jpg
/home/yy/PreResearch/photos_new/Snow/IMG_6020.JPG
/home/yy/PreResearch/photos_new/Snow/IMG_3821.JPG
/home/yy/PreResearch/photos_new/Snow/IMG_1668.jpg
/home/yy/PreResearch/photos_new/Snow/IMG_3036.jpg
/home/yy/PreResearch/photos_new/Snow/IMG_2648.jpg
/home/