WARNING:tensorflow:From train_image_classifier.py:422: create_global_step (from tensorflow.contrib.framework.python.ops.variables) is deprecated and will be removed in a future version.
Instructions for updating:
Please switch to tf.train.create_global_step
WARNING:tensorflow:From train_image_classifier.py:490: softmax_cross_entropy (from tensorflow.contrib.losses.python.losses.loss_ops) is deprecated and will be removed after 2016-12-30.
Instructions for updating:
Use tf.losses.softmax_cross_entropy instead. Note that the order of the logits and labels arguments has been changed.
WARNING:tensorflow:From /usr/local/share/py-venv/py3/lib/python3.5/site-packages/tensorflow/contrib/losses/python/losses/loss_ops.py:397: softmax_cross_entropy_with_logits (from tensorflow.python.ops.nn_ops) is deprecated and will be removed in a future version.
Instructions for updating:

Future major versions of TensorFlow will allow gradients to flow
into the labels input on backprop by default.

See tf.nn.softmax_cross_entropy_with_logits_v2.

WARNING:tensorflow:From /usr/local/share/py-venv/py3/lib/python3.5/site-packages/tensorflow/contrib/losses/python/losses/loss_ops.py:398: compute_weighted_loss (from tensorflow.contrib.losses.python.losses.loss_ops) is deprecated and will be removed after 2016-12-30.
Instructions for updating:
Use tf.losses.compute_weighted_loss instead.
WARNING:tensorflow:From /usr/local/share/py-venv/py3/lib/python3.5/site-packages/tensorflow/contrib/losses/python/losses/loss_ops.py:146: add_arg_scope.<locals>.func_with_args (from tensorflow.contrib.losses.python.losses.loss_ops) is deprecated and will be removed after 2016-12-30.
Instructions for updating:
Use tf.losses.add_loss instead.
vars: 
<tf.Variable 'MobilenetV2/Conv/weights:0' shape=(3, 3, 3, 32) dtype=float32_ref>
<tf.Variable 'MobilenetV2/Conv/BatchNorm/gamma:0' shape=(32,) dtype=float32_ref>
<tf.Variable 'MobilenetV2/Conv/BatchNorm/beta:0' shape=(32,) dtype=float32_ref>
<tf.Variable 'MobilenetV2/Conv/BatchNorm/moving_mean:0' shape=(32,) dtype=float32_ref>
<tf.Variable 'MobilenetV2/Conv/BatchNorm/moving_variance:0' shape=(32,) dtype=float32_ref>
<tf.Variable 'MobilenetV2/expanded_conv/depthwise/depthwise_weights:0' shape=(3, 3, 32, 1) dtype=float32_ref>
<tf.Variable 'MobilenetV2/expanded_conv/depthwise/BatchNorm/gamma:0' shape=(32,) dtype=float32_ref>
<tf.Variable 'MobilenetV2/expanded_conv/depthwise/BatchNorm/beta:0' shape=(32,) dtype=float32_ref>
<tf.Variable 'MobilenetV2/expanded_conv/depthwise/BatchNorm/moving_mean:0' shape=(32,) dtype=float32_ref>
<tf.Variable 'MobilenetV2/expanded_conv/depthwise/BatchNorm/moving_variance:0' shape=(32,) dtype=float32_ref>
<tf.Variable 'MobilenetV2/expanded_conv/project/weights:0' shape=(1, 1, 32, 16) dtype=float32_ref>
<tf.Variable 'MobilenetV2/expanded_conv/project/BatchNorm/gamma:0' shape=(16,) dtype=float32_ref>
<tf.Variable 'MobilenetV2/expanded_conv/project/BatchNorm/beta:0' shape=(16,) dtype=float32_ref>
<tf.Variable 'MobilenetV2/expanded_conv/project/BatchNorm/moving_mean:0' shape=(16,) dtype=float32_ref>
<tf.Variable 'MobilenetV2/expanded_conv/project/BatchNorm/moving_variance:0' shape=(16,) dtype=float32_ref>
<tf.Variable 'MobilenetV2/expanded_conv_1/expand/weights:0' shape=(1, 1, 16, 96) dtype=float32_ref>
<tf.Variable 'MobilenetV2/expanded_conv_1/expand/BatchNorm/gamma:0' shape=(96,) dtype=float32_ref>
<tf.Variable 'MobilenetV2/expanded_conv_1/expand/BatchNorm/beta:0' shape=(96,) dtype=float32_ref>
<tf.Variable 'MobilenetV2/expanded_conv_1/expand/BatchNorm/moving_mean:0' shape=(96,) dtype=float32_ref>
<tf.Variable 'MobilenetV2/expanded_conv_1/expand/BatchNorm/moving_variance:0' shape=(96,) dtype=float32_ref>
<tf.Variable 'MobilenetV2/expanded_conv_1/depthwise/depthwise_weights:0' shape=(3, 3, 96, 1) dtype=float32_ref>
<tf.Variable 'MobilenetV2/expanded_conv_1/depthwise/BatchNorm/gamma:0' shape=(96,) dtype=float32_ref>
<tf.Variable 'MobilenetV2/expanded_conv_1/depthwise/BatchNorm/beta:0' shape=(96,) dtype=float32_ref>
<tf.Variable 'MobilenetV2/expanded_conv_1/depthwise/BatchNorm/moving_mean:0' shape=(96,) dtype=float32_ref>
<tf.Variable 'MobilenetV2/expanded_conv_1/depthwise/BatchNorm/moving_variance:0' shape=(96,) dtype=float32_ref>
<tf.Variable 'MobilenetV2/expanded_conv_1/project/weights:0' shape=(1, 1, 96, 24) dtype=float32_ref>
<tf.Variable 'MobilenetV2/expanded_conv_1/project/BatchNorm/gamma:0' shape=(24,) dtype=float32_ref>
<tf.Variable 'MobilenetV2/expanded_conv_1/project/BatchNorm/beta:0' shape=(24,) dtype=float32_ref>
<tf.Variable 'MobilenetV2/expanded_conv_1/project/BatchNorm/moving_mean:0' shape=(24,) dtype=float32_ref>
<tf.Variable 'MobilenetV2/expanded_conv_1/project/BatchNorm/moving_variance:0' shape=(24,) dtype=float32_ref>
<tf.Variable 'MobilenetV2/expanded_conv_2/expand/weights:0' shape=(1, 1, 24, 144) dtype=float32_ref>
<tf.Variable 'MobilenetV2/expanded_conv_2/expand/BatchNorm/gamma:0' shape=(144,) dtype=float32_ref>
<tf.Variable 'MobilenetV2/expanded_conv_2/expand/BatchNorm/beta:0' shape=(144,) dtype=float32_ref>
<tf.Variable 'MobilenetV2/expanded_conv_2/expand/BatchNorm/moving_mean:0' shape=(144,) dtype=float32_ref>
<tf.Variable 'MobilenetV2/expanded_conv_2/expand/BatchNorm/moving_variance:0' shape=(144,) dtype=float32_ref>
<tf.Variable 'MobilenetV2/expanded_conv_2/depthwise/depthwise_weights:0' shape=(3, 3, 144, 1) dtype=float32_ref>
<tf.Variable 'MobilenetV2/expanded_conv_2/depthwise/BatchNorm/gamma:0' shape=(144,) dtype=float32_ref>
<tf.Variable 'MobilenetV2/expanded_conv_2/depthwise/BatchNorm/beta:0' shape=(144,) dtype=float32_ref>
<tf.Variable 'MobilenetV2/expanded_conv_2/depthwise/BatchNorm/moving_mean:0' shape=(144,) dtype=float32_ref>
<tf.Variable 'MobilenetV2/expanded_conv_2/depthwise/BatchNorm/moving_variance:0' shape=(144,) dtype=float32_ref>
<tf.Variable 'MobilenetV2/expanded_conv_2/project/weights:0' shape=(1, 1, 144, 24) dtype=float32_ref>
<tf.Variable 'MobilenetV2/expanded_conv_2/project/BatchNorm/gamma:0' shape=(24,) dtype=float32_ref>
<tf.Variable 'MobilenetV2/expanded_conv_2/project/BatchNorm/beta:0' shape=(24,) dtype=float32_ref>
<tf.Variable 'MobilenetV2/expanded_conv_2/project/BatchNorm/moving_mean:0' shape=(24,) dtype=float32_ref>
<tf.Variable 'MobilenetV2/expanded_conv_2/project/BatchNorm/moving_variance:0' shape=(24,) dtype=float32_ref>
<tf.Variable 'MobilenetV2/expanded_conv_3/expand/weights:0' shape=(1, 1, 24, 144) dtype=float32_ref>
<tf.Variable 'MobilenetV2/expanded_conv_3/expand/BatchNorm/gamma:0' shape=(144,) dtype=float32_ref>
<tf.Variable 'MobilenetV2/expanded_conv_3/expand/BatchNorm/beta:0' shape=(144,) dtype=float32_ref>
<tf.Variable 'MobilenetV2/expanded_conv_3/expand/BatchNorm/moving_mean:0' shape=(144,) dtype=float32_ref>
<tf.Variable 'MobilenetV2/expanded_conv_3/expand/BatchNorm/moving_variance:0' shape=(144,) dtype=float32_ref>
<tf.Variable 'MobilenetV2/expanded_conv_3/depthwise/depthwise_weights:0' shape=(3, 3, 144, 1) dtype=float32_ref>
<tf.Variable 'MobilenetV2/expanded_conv_3/depthwise/BatchNorm/gamma:0' shape=(144,) dtype=float32_ref>
<tf.Variable 'MobilenetV2/expanded_conv_3/depthwise/BatchNorm/beta:0' shape=(144,) dtype=float32_ref>
<tf.Variable 'MobilenetV2/expanded_conv_3/depthwise/BatchNorm/moving_mean:0' shape=(144,) dtype=float32_ref>
<tf.Variable 'MobilenetV2/expanded_conv_3/depthwise/BatchNorm/moving_variance:0' shape=(144,) dtype=float32_ref>
<tf.Variable 'MobilenetV2/expanded_conv_3/project/weights:0' shape=(1, 1, 144, 32) dtype=float32_ref>
<tf.Variable 'MobilenetV2/expanded_conv_3/project/BatchNorm/gamma:0' shape=(32,) dtype=float32_ref>
<tf.Variable 'MobilenetV2/expanded_conv_3/project/BatchNorm/beta:0' shape=(32,) dtype=float32_ref>
<tf.Variable 'MobilenetV2/expanded_conv_3/project/BatchNorm/moving_mean:0' shape=(32,) dtype=float32_ref>
<tf.Variable 'MobilenetV2/expanded_conv_3/project/BatchNorm/moving_variance:0' shape=(32,) dtype=float32_ref>
<tf.Variable 'MobilenetV2/expanded_conv_4/expand/weights:0' shape=(1, 1, 32, 192) dtype=float32_ref>
<tf.Variable 'MobilenetV2/expanded_conv_4/expand/BatchNorm/gamma:0' shape=(192,) dtype=float32_ref>
<tf.Variable 'MobilenetV2/expanded_conv_4/expand/BatchNorm/beta:0' shape=(192,) dtype=float32_ref>
<tf.Variable 'MobilenetV2/expanded_conv_4/expand/BatchNorm/moving_mean:0' shape=(192,) dtype=float32_ref>
<tf.Variable 'MobilenetV2/expanded_conv_4/expand/BatchNorm/moving_variance:0' shape=(192,) dtype=float32_ref>
<tf.Variable 'MobilenetV2/expanded_conv_4/depthwise/depthwise_weights:0' shape=(3, 3, 192, 1) dtype=float32_ref>
<tf.Variable 'MobilenetV2/expanded_conv_4/depthwise/BatchNorm/gamma:0' shape=(192,) dtype=float32_ref>
<tf.Variable 'MobilenetV2/expanded_conv_4/depthwise/BatchNorm/beta:0' shape=(192,) dtype=float32_ref>
<tf.Variable 'MobilenetV2/expanded_conv_4/depthwise/BatchNorm/moving_mean:0' shape=(192,) dtype=float32_ref>
<tf.Variable 'MobilenetV2/expanded_conv_4/depthwise/BatchNorm/moving_variance:0' shape=(192,) dtype=float32_ref>
<tf.Variable 'MobilenetV2/expanded_conv_4/project/weights:0' shape=(1, 1, 192, 32) dtype=float32_ref>
<tf.Variable 'MobilenetV2/expanded_conv_4/project/BatchNorm/gamma:0' shape=(32,) dtype=float32_ref>
<tf.Variable 'MobilenetV2/expanded_conv_4/project/BatchNorm/beta:0' shape=(32,) dtype=float32_ref>
<tf.Variable 'MobilenetV2/expanded_conv_4/project/BatchNorm/moving_mean:0' shape=(32,) dtype=float32_ref>
<tf.Variable 'MobilenetV2/expanded_conv_4/project/BatchNorm/moving_variance:0' shape=(32,) dtype=float32_ref>
<tf.Variable 'MobilenetV2/expanded_conv_5/expand/weights:0' shape=(1, 1, 32, 192) dtype=float32_ref>
<tf.Variable 'MobilenetV2/expanded_conv_5/expand/BatchNorm/gamma:0' shape=(192,) dtype=float32_ref>
<tf.Variable 'MobilenetV2/expanded_conv_5/expand/BatchNorm/beta:0' shape=(192,) dtype=float32_ref>
<tf.Variable 'MobilenetV2/expanded_conv_5/expand/BatchNorm/moving_mean:0' shape=(192,) dtype=float32_ref>
<tf.Variable 'MobilenetV2/expanded_conv_5/expand/BatchNorm/moving_variance:0' shape=(192,) dtype=float32_ref>
<tf.Variable 'MobilenetV2/expanded_conv_5/depthwise/depthwise_weights:0' shape=(3, 3, 192, 1) dtype=float32_ref>
<tf.Variable 'MobilenetV2/expanded_conv_5/depthwise/BatchNorm/gamma:0' shape=(192,) dtype=float32_ref>
<tf.Variable 'MobilenetV2/expanded_conv_5/depthwise/BatchNorm/beta:0' shape=(192,) dtype=float32_ref>
<tf.Variable 'MobilenetV2/expanded_conv_5/depthwise/BatchNorm/moving_mean:0' shape=(192,) dtype=float32_ref>
<tf.Variable 'MobilenetV2/expanded_conv_5/depthwise/BatchNorm/moving_variance:0' shape=(192,) dtype=float32_ref>
<tf.Variable 'MobilenetV2/expanded_conv_5/project/weights:0' shape=(1, 1, 192, 32) dtype=float32_ref>
<tf.Variable 'MobilenetV2/expanded_conv_5/project/BatchNorm/gamma:0' shape=(32,) dtype=float32_ref>
<tf.Variable 'MobilenetV2/expanded_conv_5/project/BatchNorm/beta:0' shape=(32,) dtype=float32_ref>
<tf.Variable 'MobilenetV2/expanded_conv_5/project/BatchNorm/moving_mean:0' shape=(32,) dtype=float32_ref>
<tf.Variable 'MobilenetV2/expanded_conv_5/project/BatchNorm/moving_variance:0' shape=(32,) dtype=float32_ref>
<tf.Variable 'MobilenetV2/expanded_conv_6/expand/weights:0' shape=(1, 1, 32, 192) dtype=float32_ref>
<tf.Variable 'MobilenetV2/expanded_conv_6/expand/BatchNorm/gamma:0' shape=(192,) dtype=float32_ref>
<tf.Variable 'MobilenetV2/expanded_conv_6/expand/BatchNorm/beta:0' shape=(192,) dtype=float32_ref>
<tf.Variable 'MobilenetV2/expanded_conv_6/expand/BatchNorm/moving_mean:0' shape=(192,) dtype=float32_ref>
<tf.Variable 'MobilenetV2/expanded_conv_6/expand/BatchNorm/moving_variance:0' shape=(192,) dtype=float32_ref>
<tf.Variable 'MobilenetV2/expanded_conv_6/depthwise/depthwise_weights:0' shape=(3, 3, 192, 1) dtype=float32_ref>
<tf.Variable 'MobilenetV2/expanded_conv_6/depthwise/BatchNorm/gamma:0' shape=(192,) dtype=float32_ref>
<tf.Variable 'MobilenetV2/expanded_conv_6/depthwise/BatchNorm/beta:0' shape=(192,) dtype=float32_ref>
<tf.Variable 'MobilenetV2/expanded_conv_6/depthwise/BatchNorm/moving_mean:0' shape=(192,) dtype=float32_ref>
<tf.Variable 'MobilenetV2/expanded_conv_6/depthwise/BatchNorm/moving_variance:0' shape=(192,) dtype=float32_ref>
<tf.Variable 'MobilenetV2/expanded_conv_6/project/weights:0' shape=(1, 1, 192, 64) dtype=float32_ref>
<tf.Variable 'MobilenetV2/expanded_conv_6/project/BatchNorm/gamma:0' shape=(64,) dtype=float32_ref>
<tf.Variable 'MobilenetV2/expanded_conv_6/project/BatchNorm/beta:0' shape=(64,) dtype=float32_ref>
<tf.Variable 'MobilenetV2/expanded_conv_6/project/BatchNorm/moving_mean:0' shape=(64,) dtype=float32_ref>
<tf.Variable 'MobilenetV2/expanded_conv_6/project/BatchNorm/moving_variance:0' shape=(64,) dtype=float32_ref>
<tf.Variable 'MobilenetV2/expanded_conv_7/expand/weights:0' shape=(1, 1, 64, 384) dtype=float32_ref>
<tf.Variable 'MobilenetV2/expanded_conv_7/expand/BatchNorm/gamma:0' shape=(384,) dtype=float32_ref>
<tf.Variable 'MobilenetV2/expanded_conv_7/expand/BatchNorm/beta:0' shape=(384,) dtype=float32_ref>
<tf.Variable 'MobilenetV2/expanded_conv_7/expand/BatchNorm/moving_mean:0' shape=(384,) dtype=float32_ref>
<tf.Variable 'MobilenetV2/expanded_conv_7/expand/BatchNorm/moving_variance:0' shape=(384,) dtype=float32_ref>
<tf.Variable 'MobilenetV2/expanded_conv_7/depthwise/depthwise_weights:0' shape=(3, 3, 384, 1) dtype=float32_ref>
<tf.Variable 'MobilenetV2/expanded_conv_7/depthwise/BatchNorm/gamma:0' shape=(384,) dtype=float32_ref>
<tf.Variable 'MobilenetV2/expanded_conv_7/depthwise/BatchNorm/beta:0' shape=(384,) dtype=float32_ref>
<tf.Variable 'MobilenetV2/expanded_conv_7/depthwise/BatchNorm/moving_mean:0' shape=(384,) dtype=float32_ref>
<tf.Variable 'MobilenetV2/expanded_conv_7/depthwise/BatchNorm/moving_variance:0' shape=(384,) dtype=float32_ref>
<tf.Variable 'MobilenetV2/expanded_conv_7/project/weights:0' shape=(1, 1, 384, 64) dtype=float32_ref>
<tf.Variable 'MobilenetV2/expanded_conv_7/project/BatchNorm/gamma:0' shape=(64,) dtype=float32_ref>
<tf.Variable 'MobilenetV2/expanded_conv_7/project/BatchNorm/beta:0' shape=(64,) dtype=float32_ref>
<tf.Variable 'MobilenetV2/expanded_conv_7/project/BatchNorm/moving_mean:0' shape=(64,) dtype=float32_ref>
<tf.Variable 'MobilenetV2/expanded_conv_7/project/BatchNorm/moving_variance:0' shape=(64,) dtype=float32_ref>
<tf.Variable 'MobilenetV2/expanded_conv_8/expand/weights:0' shape=(1, 1, 64, 384) dtype=float32_ref>
<tf.Variable 'MobilenetV2/expanded_conv_8/expand/BatchNorm/gamma:0' shape=(384,) dtype=float32_ref>
<tf.Variable 'MobilenetV2/expanded_conv_8/expand/BatchNorm/beta:0' shape=(384,) dtype=float32_ref>
<tf.Variable 'MobilenetV2/expanded_conv_8/expand/BatchNorm/moving_mean:0' shape=(384,) dtype=float32_ref>
<tf.Variable 'MobilenetV2/expanded_conv_8/expand/BatchNorm/moving_variance:0' shape=(384,) dtype=float32_ref>
<tf.Variable 'MobilenetV2/expanded_conv_8/depthwise/depthwise_weights:0' shape=(3, 3, 384, 1) dtype=float32_ref>
<tf.Variable 'MobilenetV2/expanded_conv_8/depthwise/BatchNorm/gamma:0' shape=(384,) dtype=float32_ref>
<tf.Variable 'MobilenetV2/expanded_conv_8/depthwise/BatchNorm/beta:0' shape=(384,) dtype=float32_ref>
<tf.Variable 'MobilenetV2/expanded_conv_8/depthwise/BatchNorm/moving_mean:0' shape=(384,) dtype=float32_ref>
<tf.Variable 'MobilenetV2/expanded_conv_8/depthwise/BatchNorm/moving_variance:0' shape=(384,) dtype=float32_ref>
<tf.Variable 'MobilenetV2/expanded_conv_8/project/weights:0' shape=(1, 1, 384, 64) dtype=float32_ref>
<tf.Variable 'MobilenetV2/expanded_conv_8/project/BatchNorm/gamma:0' shape=(64,) dtype=float32_ref>
<tf.Variable 'MobilenetV2/expanded_conv_8/project/BatchNorm/beta:0' shape=(64,) dtype=float32_ref>
<tf.Variable 'MobilenetV2/expanded_conv_8/project/BatchNorm/moving_mean:0' shape=(64,) dtype=float32_ref>
<tf.Variable 'MobilenetV2/expanded_conv_8/project/BatchNorm/moving_variance:0' shape=(64,) dtype=float32_ref>
<tf.Variable 'MobilenetV2/expanded_conv_9/expand/weights:0' shape=(1, 1, 64, 384) dtype=float32_ref>
<tf.Variable 'MobilenetV2/expanded_conv_9/expand/BatchNorm/gamma:0' shape=(384,) dtype=float32_ref>
<tf.Variable 'MobilenetV2/expanded_conv_9/expand/BatchNorm/beta:0' shape=(384,) dtype=float32_ref>
<tf.Variable 'MobilenetV2/expanded_conv_9/expand/BatchNorm/moving_mean:0' shape=(384,) dtype=float32_ref>
<tf.Variable 'MobilenetV2/expanded_conv_9/expand/BatchNorm/moving_variance:0' shape=(384,) dtype=float32_ref>
<tf.Variable 'MobilenetV2/expanded_conv_9/depthwise/depthwise_weights:0' shape=(3, 3, 384, 1) dtype=float32_ref>
<tf.Variable 'MobilenetV2/expanded_conv_9/depthwise/BatchNorm/gamma:0' shape=(384,) dtype=float32_ref>
<tf.Variable 'MobilenetV2/expanded_conv_9/depthwise/BatchNorm/beta:0' shape=(384,) dtype=float32_ref>
<tf.Variable 'MobilenetV2/expanded_conv_9/depthwise/BatchNorm/moving_mean:0' shape=(384,) dtype=float32_ref>
<tf.Variable 'MobilenetV2/expanded_conv_9/depthwise/BatchNorm/moving_variance:0' shape=(384,) dtype=float32_ref>
<tf.Variable 'MobilenetV2/expanded_conv_9/project/weights:0' shape=(1, 1, 384, 64) dtype=float32_ref>
<tf.Variable 'MobilenetV2/expanded_conv_9/project/BatchNorm/gamma:0' shape=(64,) dtype=float32_ref>
<tf.Variable 'MobilenetV2/expanded_conv_9/project/BatchNorm/beta:0' shape=(64,) dtype=float32_ref>
<tf.Variable 'MobilenetV2/expanded_conv_9/project/BatchNorm/moving_mean:0' shape=(64,) dtype=float32_ref>
<tf.Variable 'MobilenetV2/expanded_conv_9/project/BatchNorm/moving_variance:0' shape=(64,) dtype=float32_ref>
<tf.Variable 'MobilenetV2/expanded_conv_10/expand/weights:0' shape=(1, 1, 64, 384) dtype=float32_ref>
<tf.Variable 'MobilenetV2/expanded_conv_10/expand/BatchNorm/gamma:0' shape=(384,) dtype=float32_ref>
<tf.Variable 'MobilenetV2/expanded_conv_10/expand/BatchNorm/beta:0' shape=(384,) dtype=float32_ref>
<tf.Variable 'MobilenetV2/expanded_conv_10/expand/BatchNorm/moving_mean:0' shape=(384,) dtype=float32_ref>
<tf.Variable 'MobilenetV2/expanded_conv_10/expand/BatchNorm/moving_variance:0' shape=(384,) dtype=float32_ref>
<tf.Variable 'MobilenetV2/expanded_conv_10/depthwise/depthwise_weights:0' shape=(3, 3, 384, 1) dtype=float32_ref>
<tf.Variable 'MobilenetV2/expanded_conv_10/depthwise/BatchNorm/gamma:0' shape=(384,) dtype=float32_ref>
<tf.Variable 'MobilenetV2/expanded_conv_10/depthwise/BatchNorm/beta:0' shape=(384,) dtype=float32_ref>
<tf.Variable 'MobilenetV2/expanded_conv_10/depthwise/BatchNorm/moving_mean:0' shape=(384,) dtype=float32_ref>
<tf.Variable 'MobilenetV2/expanded_conv_10/depthwise/BatchNorm/moving_variance:0' shape=(384,) dtype=float32_ref>
<tf.Variable 'MobilenetV2/expanded_conv_10/project/weights:0' shape=(1, 1, 384, 96) dtype=float32_ref>
<tf.Variable 'MobilenetV2/expanded_conv_10/project/BatchNorm/gamma:0' shape=(96,) dtype=float32_ref>
<tf.Variable 'MobilenetV2/expanded_conv_10/project/BatchNorm/beta:0' shape=(96,) dtype=float32_ref>
<tf.Variable 'MobilenetV2/expanded_conv_10/project/BatchNorm/moving_mean:0' shape=(96,) dtype=float32_ref>
<tf.Variable 'MobilenetV2/expanded_conv_10/project/BatchNorm/moving_variance:0' shape=(96,) dtype=float32_ref>
<tf.Variable 'MobilenetV2/expanded_conv_11/expand/weights:0' shape=(1, 1, 96, 576) dtype=float32_ref>
<tf.Variable 'MobilenetV2/expanded_conv_11/expand/BatchNorm/gamma:0' shape=(576,) dtype=float32_ref>
<tf.Variable 'MobilenetV2/expanded_conv_11/expand/BatchNorm/beta:0' shape=(576,) dtype=float32_ref>
<tf.Variable 'MobilenetV2/expanded_conv_11/expand/BatchNorm/moving_mean:0' shape=(576,) dtype=float32_ref>
<tf.Variable 'MobilenetV2/expanded_conv_11/expand/BatchNorm/moving_variance:0' shape=(576,) dtype=float32_ref>
<tf.Variable 'MobilenetV2/expanded_conv_11/depthwise/depthwise_weights:0' shape=(3, 3, 576, 1) dtype=float32_ref>
<tf.Variable 'MobilenetV2/expanded_conv_11/depthwise/BatchNorm/gamma:0' shape=(576,) dtype=float32_ref>
<tf.Variable 'MobilenetV2/expanded_conv_11/depthwise/BatchNorm/beta:0' shape=(576,) dtype=float32_ref>
<tf.Variable 'MobilenetV2/expanded_conv_11/depthwise/BatchNorm/moving_mean:0' shape=(576,) dtype=float32_ref>
<tf.Variable 'MobilenetV2/expanded_conv_11/depthwise/BatchNorm/moving_variance:0' shape=(576,) dtype=float32_ref>
<tf.Variable 'MobilenetV2/expanded_conv_11/project/weights:0' shape=(1, 1, 576, 96) dtype=float32_ref>
<tf.Variable 'MobilenetV2/expanded_conv_11/project/BatchNorm/gamma:0' shape=(96,) dtype=float32_ref>
<tf.Variable 'MobilenetV2/expanded_conv_11/project/BatchNorm/beta:0' shape=(96,) dtype=float32_ref>
<tf.Variable 'MobilenetV2/expanded_conv_11/project/BatchNorm/moving_mean:0' shape=(96,) dtype=float32_ref>
<tf.Variable 'MobilenetV2/expanded_conv_11/project/BatchNorm/moving_variance:0' shape=(96,) dtype=float32_ref>
<tf.Variable 'MobilenetV2/expanded_conv_12/expand/weights:0' shape=(1, 1, 96, 576) dtype=float32_ref>
<tf.Variable 'MobilenetV2/expanded_conv_12/expand/BatchNorm/gamma:0' shape=(576,) dtype=float32_ref>
<tf.Variable 'MobilenetV2/expanded_conv_12/expand/BatchNorm/beta:0' shape=(576,) dtype=float32_ref>
<tf.Variable 'MobilenetV2/expanded_conv_12/expand/BatchNorm/moving_mean:0' shape=(576,) dtype=float32_ref>
<tf.Variable 'MobilenetV2/expanded_conv_12/expand/BatchNorm/moving_variance:0' shape=(576,) dtype=float32_ref>
<tf.Variable 'MobilenetV2/expanded_conv_12/depthwise/depthwise_weights:0' shape=(3, 3, 576, 1) dtype=float32_ref>
<tf.Variable 'MobilenetV2/expanded_conv_12/depthwise/BatchNorm/gamma:0' shape=(576,) dtype=float32_ref>
<tf.Variable 'MobilenetV2/expanded_conv_12/depthwise/BatchNorm/beta:0' shape=(576,) dtype=float32_ref>
<tf.Variable 'MobilenetV2/expanded_conv_12/depthwise/BatchNorm/moving_mean:0' shape=(576,) dtype=float32_ref>
<tf.Variable 'MobilenetV2/expanded_conv_12/depthwise/BatchNorm/moving_variance:0' shape=(576,) dtype=float32_ref>
<tf.Variable 'MobilenetV2/expanded_conv_12/project/weights:0' shape=(1, 1, 576, 96) dtype=float32_ref>
<tf.Variable 'MobilenetV2/expanded_conv_12/project/BatchNorm/gamma:0' shape=(96,) dtype=float32_ref>
<tf.Variable 'MobilenetV2/expanded_conv_12/project/BatchNorm/beta:0' shape=(96,) dtype=float32_ref>
<tf.Variable 'MobilenetV2/expanded_conv_12/project/BatchNorm/moving_mean:0' shape=(96,) dtype=float32_ref>
<tf.Variable 'MobilenetV2/expanded_conv_12/project/BatchNorm/moving_variance:0' shape=(96,) dtype=float32_ref>
<tf.Variable 'MobilenetV2/expanded_conv_13/expand/weights:0' shape=(1, 1, 96, 576) dtype=float32_ref>
<tf.Variable 'MobilenetV2/expanded_conv_13/expand/BatchNorm/gamma:0' shape=(576,) dtype=float32_ref>
<tf.Variable 'MobilenetV2/expanded_conv_13/expand/BatchNorm/beta:0' shape=(576,) dtype=float32_ref>
<tf.Variable 'MobilenetV2/expanded_conv_13/expand/BatchNorm/moving_mean:0' shape=(576,) dtype=float32_ref>
<tf.Variable 'MobilenetV2/expanded_conv_13/expand/BatchNorm/moving_variance:0' shape=(576,) dtype=float32_ref>
<tf.Variable 'MobilenetV2/expanded_conv_13/depthwise/depthwise_weights:0' shape=(3, 3, 576, 1) dtype=float32_ref>
<tf.Variable 'MobilenetV2/expanded_conv_13/depthwise/BatchNorm/gamma:0' shape=(576,) dtype=float32_ref>
<tf.Variable 'MobilenetV2/expanded_conv_13/depthwise/BatchNorm/beta:0' shape=(576,) dtype=float32_ref>
<tf.Variable 'MobilenetV2/expanded_conv_13/depthwise/BatchNorm/moving_mean:0' shape=(576,) dtype=float32_ref>
<tf.Variable 'MobilenetV2/expanded_conv_13/depthwise/BatchNorm/moving_variance:0' shape=(576,) dtype=float32_ref>
<tf.Variable 'MobilenetV2/expanded_conv_13/project/weights:0' shape=(1, 1, 576, 160) dtype=float32_ref>
<tf.Variable 'MobilenetV2/expanded_conv_13/project/BatchNorm/gamma:0' shape=(160,) dtype=float32_ref>
<tf.Variable 'MobilenetV2/expanded_conv_13/project/BatchNorm/beta:0' shape=(160,) dtype=float32_ref>
<tf.Variable 'MobilenetV2/expanded_conv_13/project/BatchNorm/moving_mean:0' shape=(160,) dtype=float32_ref>
<tf.Variable 'MobilenetV2/expanded_conv_13/project/BatchNorm/moving_variance:0' shape=(160,) dtype=float32_ref>
<tf.Variable 'MobilenetV2/expanded_conv_14/expand/weights:0' shape=(1, 1, 160, 960) dtype=float32_ref>
<tf.Variable 'MobilenetV2/expanded_conv_14/expand/BatchNorm/gamma:0' shape=(960,) dtype=float32_ref>
<tf.Variable 'MobilenetV2/expanded_conv_14/expand/BatchNorm/beta:0' shape=(960,) dtype=float32_ref>
<tf.Variable 'MobilenetV2/expanded_conv_14/expand/BatchNorm/moving_mean:0' shape=(960,) dtype=float32_ref>
<tf.Variable 'MobilenetV2/expanded_conv_14/expand/BatchNorm/moving_variance:0' shape=(960,) dtype=float32_ref>
<tf.Variable 'MobilenetV2/expanded_conv_14/depthwise/depthwise_weights:0' shape=(3, 3, 960, 1) dtype=float32_ref>
<tf.Variable 'MobilenetV2/expanded_conv_14/depthwise/BatchNorm/gamma:0' shape=(960,) dtype=float32_ref>
<tf.Variable 'MobilenetV2/expanded_conv_14/depthwise/BatchNorm/beta:0' shape=(960,) dtype=float32_ref>
<tf.Variable 'MobilenetV2/expanded_conv_14/depthwise/BatchNorm/moving_mean:0' shape=(960,) dtype=float32_ref>
<tf.Variable 'MobilenetV2/expanded_conv_14/depthwise/BatchNorm/moving_variance:0' shape=(960,) dtype=float32_ref>
<tf.Variable 'MobilenetV2/expanded_conv_14/project/weights:0' shape=(1, 1, 960, 160) dtype=float32_ref>
<tf.Variable 'MobilenetV2/expanded_conv_14/project/BatchNorm/gamma:0' shape=(160,) dtype=float32_ref>
<tf.Variable 'MobilenetV2/expanded_conv_14/project/BatchNorm/beta:0' shape=(160,) dtype=float32_ref>
<tf.Variable 'MobilenetV2/expanded_conv_14/project/BatchNorm/moving_mean:0' shape=(160,) dtype=float32_ref>
<tf.Variable 'MobilenetV2/expanded_conv_14/project/BatchNorm/moving_variance:0' shape=(160,) dtype=float32_ref>
<tf.Variable 'MobilenetV2/expanded_conv_15/expand/weights:0' shape=(1, 1, 160, 960) dtype=float32_ref>
<tf.Variable 'MobilenetV2/expanded_conv_15/expand/BatchNorm/gamma:0' shape=(960,) dtype=float32_ref>
<tf.Variable 'MobilenetV2/expanded_conv_15/expand/BatchNorm/beta:0' shape=(960,) dtype=float32_ref>
<tf.Variable 'MobilenetV2/expanded_conv_15/expand/BatchNorm/moving_mean:0' shape=(960,) dtype=float32_ref>
<tf.Variable 'MobilenetV2/expanded_conv_15/expand/BatchNorm/moving_variance:0' shape=(960,) dtype=float32_ref>
<tf.Variable 'MobilenetV2/expanded_conv_15/depthwise/depthwise_weights:0' shape=(3, 3, 960, 1) dtype=float32_ref>
<tf.Variable 'MobilenetV2/expanded_conv_15/depthwise/BatchNorm/gamma:0' shape=(960,) dtype=float32_ref>
<tf.Variable 'MobilenetV2/expanded_conv_15/depthwise/BatchNorm/beta:0' shape=(960,) dtype=float32_ref>
<tf.Variable 'MobilenetV2/expanded_conv_15/depthwise/BatchNorm/moving_mean:0' shape=(960,) dtype=float32_ref>
<tf.Variable 'MobilenetV2/expanded_conv_15/depthwise/BatchNorm/moving_variance:0' shape=(960,) dtype=float32_ref>
<tf.Variable 'MobilenetV2/expanded_conv_15/project/weights:0' shape=(1, 1, 960, 160) dtype=float32_ref>
<tf.Variable 'MobilenetV2/expanded_conv_15/project/BatchNorm/gamma:0' shape=(160,) dtype=float32_ref>INFO:tensorflow:Fine-tuning from /home/yy/PreResearch/TFmodels/mobilenet_v2/mobilenet_v2_1.0_224.ckpt
WARNING:tensorflow:From /usr/local/share/py-venv/py3/lib/python3.5/site-packages/tensorflow/contrib/slim/python/slim/learning.py:736: Supervisor.__init__ (from tensorflow.python.training.supervisor) is deprecated and will be removed in a future version.
Instructions for updating:
Please switch to tf.train.MonitoredTrainingSession
2018-12-04 09:30:12.836570: I tensorflow/core/platform/cpu_feature_guard.cc:140] Your CPU supports instructions that this TensorFlow binary was not compiled to use: AVX2 FMA
2018-12-04 09:30:13.369456: I tensorflow/stream_executor/cuda/cuda_gpu_executor.cc:898] successful NUMA node read from SysFS had negative value (-1), but there must be at least one NUMA node, so returning NUMA node zero
2018-12-04 09:30:13.369786: I tensorflow/core/common_runtime/gpu/gpu_device.cc:1212] Found device 0 with properties: 
name: GeForce GTX 1080 Ti major: 6 minor: 1 memoryClockRate(GHz): 1.607
pciBusID: 0000:01:00.0
totalMemory: 10.91GiB freeMemory: 10.75GiB
2018-12-04 09:30:13.369802: I tensorflow/core/common_runtime/gpu/gpu_device.cc:1312] Adding visible gpu devices: 0
2018-12-04 09:30:13.549286: I tensorflow/core/common_runtime/gpu/gpu_device.cc:993] Creating TensorFlow device (/job:localhost/replica:0/task:0/device:GPU:0 with 10409 MB memory) -> physical GPU (device: 0, name: GeForce GTX 1080 Ti, pci bus id: 0000:01:00.0, compute capability: 6.1)
INFO:tensorflow:Restoring parameters from /home/yy/PreResearch/TFmodels/mobilenet_v2/mobilenet_v2_1.0_224.ckpt
INFO:tensorflow:Running local_init_op.
INFO:tensorflow:Done running local_init_op.
INFO:tensorflow:Starting Session.
INFO:tensorflow:Saving checkpoint to path /disk/private-data/yy/CardMatching/mobilenet_v2_train_logs_new_data/early_stop_3600/model.ckpt
INFO:tensorflow:Starting Queues.
INFO:tensorflow:global_step/sec: 0
INFO:tensorflow:Recording summary at step 3.
INFO:tensorflow:Saving checkpoint to path /disk/private-data/yy/CardMatching/mobilenet_v2_train_logs_new_data/early_stop_3600/model.ckpt
INFO:tensorflow:global_step/sec: 1.29193
INFO:tensorflow:Recording summary at step 776.
INFO:tensorflow:global step 1000: loss = 2.8035 (0.748 sec/step)
INFO:tensorflow:Saving checkpoint to path /disk/private-data/yy/CardMatching/mobilenet_v2_train_logs_new_data/early_stop_3600/model.ckpt
INFO:tensorflow:global_step/sec: 1.29665
INFO:tensorflow:Recording summary at step 1553.
INFO:tensorflow:global step 2000: loss = 1.5459 (0.737 sec/step)
INFO:tensorflow:Saving checkpoint to path /disk/private-data/yy/CardMatching/mobilenet_v2_train_logs_new_data/early_stop_3600/model.ckpt
INFO:tensorflow:global_step/sec: 1.29167
INFO:tensorflow:Recording summary at step 2328.
INFO:tensorflow:global step 3000: loss = 1.1836 (0.751 sec/step)
INFO:tensorflow:Saving checkpoint to path /disk/private-data/yy/CardMatching/mobilenet_v2_train_logs_new_data/early_stop_3600/model.ckpt
INFO:tensorflow:global_step/sec: 1.24169
INFO:tensorflow:Recording summary at step 3074.
INFO:tensorflow:Saving checkpoint to path /disk/private-data/yy/CardMatching/mobilenet_v2_train_logs_new_data/early_stop_3600/model.ckpt
INFO:tensorflow:global_step/sec: 1.24331
INFO:tensorflow:Recording summary at step 3820.
INFO:tensorflow:global step 4000: loss = 1.5463 (0.786 sec/step)
INFO:tensorflow:Saving checkpoint to path /disk/private-data/yy/CardMatching/mobilenet_v2_train_logs_new_data/early_stop_3600/model.ckpt
INFO:tensorflow:global_step/sec: 1.24665
INFO:tensorflow:Recording summary at step 4566.
INFO:tensorflow:global step 5000: loss = 0.9189 (0.875 sec/step)
INFO:tensorflow:Saving checkpoint to path /disk/private-data/yy/CardMatching/mobilenet_v2_train_logs_new_data/early_stop_3600/model.ckpt
INFO:tensorflow:global_step/sec: 1.21002
INFO:tensorflow:Recording summary at step 5292.
INFO:tensorflow:Saving checkpoint to path /disk/private-data/yy/CardMatching/mobilenet_v2_train_logs_new_data/early_stop_3600/model.ckpt
INFO:tensorflow:global_step/sec: 1.03996
INFO:tensorflow:Recording summary at step 5916.
INFO:tensorflow:global step 6000: loss = 1.5334 (0.807 sec/step)
INFO:tensorflow:Saving checkpoint to path /disk/private-data/yy/CardMatching/mobilenet_v2_train_logs_new_data/early_stop_3600/model.ckpt
INFO:tensorflow:global_step/sec: 0.936673
INFO:tensorflow:Recording summary at step 6479.
INFO:tensorflow:global step 7000: loss = 1.5119 (1.102 sec/step)
INFO:tensorflow:Saving checkpoint to path /disk/private-data/yy/CardMatching/mobilenet_v2_train_logs_new_data/early_stop_3600/model.ckpt
INFO:tensorflow:Recording summary at step 7045.
INFO:tensorflow:Saving checkpoint to path /disk/private-data/yy/CardMatching/mobilenet_v2_train_logs_new_data/early_stop_3600/model.ckpt
INFO:tensorflow:Recording summary at step 7597.
INFO:tensorflow:global step 8000: loss = 1.0744 (1.054 sec/step)
INFO:tensorflow:Saving checkpoint to path /disk/private-data/yy/CardMatching/mobilenet_v2_train_logs_new_data/early_stop_3600/model.ckpt
INFO:tensorflow:Recording summary at step 8145.
INFO:tensorflow:Saving checkpoint to path /disk/private-data/yy/CardMatching/mobilenet_v2_train_logs_new_data/early_stop_3600/model.ckpt
INFO:tensorflow:Recording summary at step 8692.
INFO:tensorflow:global step 9000: loss = 1.2324 (0.967 sec/step)
INFO:tensorflow:Saving checkpoint to path /disk/private-data/yy/CardMatching/mobilenet_v2_train_logs_new_data/early_stop_3600/model.ckpt
INFO:tensorflow:Recording summary at step 9207.
INFO:tensorflow:Saving checkpoint to path /disk/private-data/yy/CardMatching/mobilenet_v2_train_logs_new_data/early_stop_3600/model.ckpt
INFO:tensorflow:Recording summary at step 9724.
INFO:tensorflow:global step 10000: loss = 1.0238 (1.268 sec/step)
INFO:tensorflow:Saving checkpoint to path /disk/private-data/yy/CardMatching/mobilenet_v2_train_logs_new_data/early_stop_3600/model.ckpt
INFO:tensorflow:Recording summary at step 10263.
INFO:tensorflow:Saving checkpoint to path /disk/private-data/yy/CardMatching/mobilenet_v2_train_logs_new_data/early_stop_3600/model.ckpt
INFO:tensorflow:Recording summary at step 10799.
INFO:tensorflow:global step 11000: loss = 1.3138 (0.893 sec/step)
INFO:tensorflow:Saving checkpoint to path /disk/private-data/yy/CardMatching/mobilenet_v2_train_logs_new_data/early_stop_3600/model.ckpt
INFO:tensorflow:Recording summary at step 11338.
INFO:tensorflow:Saving checkpoint to path /disk/private-data/yy/CardMatching/mobilenet_v2_train_logs_new_data/early_stop_3600/model.ckpt
INFO:tensorflow:Recording summary at step 11877.
INFO:tensorflow:global step 12000: loss = 1.1641 (1.012 sec/step)
INFO:tensorflow:Saving checkpoint to path /disk/private-data/yy/CardMatching/mobilenet_v2_train_logs_new_data/early_stop_3600/model.ckpt
INFO:tensorflow:Recording summary at step 12414.
INFO:tensorflow:Saving checkpoint to path /disk/private-data/yy/CardMatching/mobilenet_v2_train_logs_new_data/early_stop_3600/model.ckpt
INFO:tensorflow:Recording summary at step 12952.
INFO:tensorflow:global step 13000: loss = 1.5915 (1.104 sec/step)
INFO:tensorflow:Saving checkpoint to path /disk/private-data/yy/CardMatching/mobilenet_v2_train_logs_new_data/early_stop_3600/model.ckpt
INFO:tensorflow:Recording summary at step 13493.
INFO:tensorflow:global step 14000: loss = 1.8878 (1.297 sec/step)
INFO:tensorflow:Saving checkpoint to path /disk/private-data/yy/CardMatching/mobilenet_v2_train_logs_new_data/early_stop_3600/model.ckpt
INFO:tensorflow:Recording summary at step 14033.
INFO:tensorflow:Saving checkpoint to path /disk/private-data/yy/CardMatching/mobilenet_v2_train_logs_new_data/early_stop_3600/model.ckpt
INFO:tensorflow:Recording summary at step 14573.
INFO:tensorflow:global step 15000: loss = 1.0447 (1.068 sec/step)
INFO:tensorflow:Saving checkpoint to path /disk/private-data/yy/CardMatching/mobilenet_v2_train_logs_new_data/early_stop_3600/model.ckpt
INFO:tensorflow:Recording summary at step 15112.
INFO:tensorflow:Saving checkpoint to path /disk/private-data/yy/CardMatching/mobilenet_v2_train_logs_new_data/early_stop_3600/model.ckpt
INFO:tensorflow:Recording summary at step 15652.
INFO:tensorflow:global step 16000: loss = 1.2795 (1.096 sec/step)
INFO:tensorflow:Saving checkpoint to path /disk/private-data/yy/CardMatching/mobilenet_v2_train_logs_new_data/early_stop_3600/model.ckpt
INFO:tensorflow:Recording summary at step 16195.
INFO:tensorflow:Saving checkpoint to path /disk/private-data/yy/CardMatching/mobilenet_v2_train_logs_new_data/early_stop_3600/model.ckpt
INFO:tensorflow:Recording summary at step 16739.
INFO:tensorflow:global step 17000: loss = 1.3538 (1.025 sec/step)
INFO:tensorflow:Saving checkpoint to path /disk/private-data/yy/CardMatching/mobilenet_v2_train_logs_new_data/early_stop_3600/model.ckpt
INFO:tensorflow:Recording summary at step 17281.
INFO:tensorflow:Saving checkpoint to path /disk/private-data/yy/CardMatching/mobilenet_v2_train_logs_new_data/early_stop_3600/model.ckpt
INFO:tensorflow:Recording summary at step 17827.
INFO:tensorflow:global step 18000: loss = 0.9752 (1.088 sec/step)
INFO:tensorflow:Saving checkpoint to path /disk/private-data/yy/CardMatching/mobilenet_v2_train_logs_new_data/early_stop_3600/model.ckpt
INFO:tensorflow:Recording summary at step 18364.
INFO:tensorflow:Saving checkpoint to path /disk/private-data/yy/CardMatching/mobilenet_v2_train_logs_new_data/early_stop_3600/model.ckpt
INFO:tensorflow:Recording summary at step 18878.
INFO:tensorflow:global step 19000: loss = 1.6354 (1.152 sec/step)
INFO:tensorflow:Saving checkpoint to path /disk/private-data/yy/CardMatching/mobilenet_v2_train_logs_new_data/early_stop_3600/model.ckpt
INFO:tensorflow:Recording summary at step 19383.
INFO:tensorflow:Saving checkpoint to path /disk/private-data/yy/CardMatching/mobilenet_v2_train_logs_new_data/early_stop_3600/model.ckpt
INFO:tensorflow:Recording summary at step 19876.
INFO:tensorflow:global step 20000: loss = 0.7469 (0.999 sec/step)
INFO:tensorflow:Stopping Training.
INFO:tensorflow:Finished training! Saving model to disk.

<tf.Variable 'MobilenetV2/expanded_conv_15/project/BatchNorm/beta:0' shape=(160,) dtype=float32_ref>
<tf.Variable 'MobilenetV2/expanded_conv_15/project/BatchNorm/moving_mean:0' shape=(160,) dtype=float32_ref>
<tf.Variable 'MobilenetV2/expanded_conv_15/project/BatchNorm/moving_variance:0' shape=(160,) dtype=float32_ref>
<tf.Variable 'MobilenetV2/expanded_conv_16/expand/weights:0' shape=(1, 1, 160, 960) dtype=float32_ref>
<tf.Variable 'MobilenetV2/expanded_conv_16/expand/BatchNorm/gamma:0' shape=(960,) dtype=float32_ref>
<tf.Variable 'MobilenetV2/expanded_conv_16/expand/BatchNorm/beta:0' shape=(960,) dtype=float32_ref>
<tf.Variable 'MobilenetV2/expanded_conv_16/expand/BatchNorm/moving_mean:0' shape=(960,) dtype=float32_ref>
<tf.Variable 'MobilenetV2/expanded_conv_16/expand/BatchNorm/moving_variance:0' shape=(960,) dtype=float32_ref>
<tf.Variable 'MobilenetV2/expanded_conv_16/depthwise/depthwise_weights:0' shape=(3, 3, 960, 1) dtype=float32_ref>
<tf.Variable 'MobilenetV2/expanded_conv_16/depthwise/BatchNorm/gamma:0' shape=(960,) dtype=float32_ref>
<tf.Variable 'MobilenetV2/expanded_conv_16/depthwise/BatchNorm/beta:0' shape=(960,) dtype=float32_ref>
<tf.Variable 'MobilenetV2/expanded_conv_16/depthwise/BatchNorm/moving_mean:0' shape=(960,) dtype=float32_ref>
<tf.Variable 'MobilenetV2/expanded_conv_16/depthwise/BatchNorm/moving_variance:0' shape=(960,) dtype=float32_ref>
<tf.Variable 'MobilenetV2/expanded_conv_16/project/weights:0' shape=(1, 1, 960, 320) dtype=float32_ref>
<tf.Variable 'MobilenetV2/expanded_conv_16/project/BatchNorm/gamma:0' shape=(320,) dtype=float32_ref>
<tf.Variable 'MobilenetV2/expanded_conv_16/project/BatchNorm/beta:0' shape=(320,) dtype=float32_ref>
<tf.Variable 'MobilenetV2/expanded_conv_16/project/BatchNorm/moving_mean:0' shape=(320,) dtype=float32_ref>
<tf.Variable 'MobilenetV2/expanded_conv_16/project/BatchNorm/moving_variance:0' shape=(320,) dtype=float32_ref>
<tf.Variable 'MobilenetV2/Conv_1/weights:0' shape=(1, 1, 320, 1280) dtype=float32_ref>
<tf.Variable 'MobilenetV2/Conv_1/BatchNorm/gamma:0' shape=(1280,) dtype=float32_ref>
<tf.Variable 'MobilenetV2/Conv_1/BatchNorm/beta:0' shape=(1280,) dtype=float32_ref>
<tf.Variable 'MobilenetV2/Conv_1/BatchNorm/moving_mean:0' shape=(1280,) dtype=float32_ref>
<tf.Variable 'MobilenetV2/Conv_1/BatchNorm/moving_variance:0' shape=(1280,) dtype=float32_ref>
<tf.Variable 'MobilenetV2/Logits/Conv2d_1c_1x1/weights:0' shape=(1, 1, 1280, 189) dtype=float32_ref>
<tf.Variable 'MobilenetV2/Logits/Conv2d_1c_1x1/biases:0' shape=(189,) dtype=float32_ref>
